<?xml version="1.0" encoding="UTF-8"?>
<!-- Generated by org.testng.reporters.JUnitReportReporter -->
<testsuite hostname="DESKTOP-VEGOFQM" failures="0" tests="1" name="com.amazon.Test.CartTests" time="3.694" errors="0" timestamp="2023-10-06T19:04:50 IST" skipped="0">
  <testcase classname="com.amazon.Test.CartTests" name="openURL" time="3.694"/>
  <system-out/>
</testsuite> <!-- com.amazon.Test.CartTests -->
