<?xml version="1.0" encoding="UTF-8"?>
<!-- Generated by org.testng.reporters.JUnitReportReporter -->
<testsuite hostname="DESKTOP-VEGOFQM" failures="0" tests="4" name="com.Facebook.Test.SignInTests" time="13.857" errors="0" timestamp="2023-10-15T22:19:16 IST" skipped="0">
  <testcase classname="com.Facebook.Test.SignInTests" name="loginwithValidCredentials" time="2.793"/>
  <system-out/>
  <testcase classname="com.Facebook.Test.SignInTests" name="loginwithInvalidEmail" time="2.924"/>
  <system-out/>
  <testcase classname="com.Facebook.Test.SignInTests" name="loginwithInvalidPassword" time="3.043"/>
  <system-out/>
  <testcase classname="com.Facebook.Test.SignInTests" name="loginwithBlankCredentials" time="5.097"/>
  <system-out/>
</testsuite> <!-- com.Facebook.Test.SignInTests -->
